<?xml version="1.0" encoding="UTF-8"?>
<testsuites>
  <testsuite name="D:\dev\ezactivevn\ezleague\server\tests\Feature" tests="57" assertions="116" errors="0" warnings="0" failures="0" skipped="0" time="36.090365">
    <testsuite name="Tests\Feature\ForgotPasswordTest" file="D:\dev\ezactivevn\ezleague\server\tests\Feature\ForgotPasswordTest.php" tests="1" assertions="2" errors="0" warnings="0" failures="0" skipped="0" time="21.793017">
      <testcase name="test_forgot_password_with_correct_email" class="Tests\Feature\ForgotPasswordTest" classname="Tests.Feature.ForgotPasswordTest" file="D:\dev\ezactivevn\ezleague\server\tests\Feature\ForgotPasswordTest.php" line="17" assertions="2" time="21.793017"/>
    </testsuite>
    <testsuite name="Tests\Feature\LoginTest" file="D:\dev\ezactivevn\ezleague\server\tests\Feature\LoginTest.php" tests="5" assertions="10" errors="0" warnings="0" failures="0" skipped="0" time="3.646939">
      <testcase name="test_login_with_correct_credentials" class="Tests\Feature\LoginTest" classname="Tests.Feature.LoginTest" file="D:\dev\ezactivevn\ezleague\server\tests\Feature\LoginTest.php" line="16" assertions="2" time="2.596832"/>
      <testcase name="test_login_with_incorrect_credentials" class="Tests\Feature\LoginTest" classname="Tests.Feature.LoginTest" file="D:\dev\ezactivevn\ezleague\server\tests\Feature\LoginTest.php" line="43" assertions="2" time="0.469849"/>
      <testcase name="test_login_with_incorrect_email" class="Tests\Feature\LoginTest" classname="Tests.Feature.LoginTest" file="D:\dev\ezactivevn\ezleague\server\tests\Feature\LoginTest.php" line="63" assertions="2" time="0.289260"/>
      <testcase name="test_login_with_empty_email" class="Tests\Feature\LoginTest" classname="Tests.Feature.LoginTest" file="D:\dev\ezactivevn\ezleague\server\tests\Feature\LoginTest.php" line="80" assertions="2" time="0.141552"/>
      <testcase name="test_login_with_empty_password" class="Tests\Feature\LoginTest" classname="Tests.Feature.LoginTest" file="D:\dev\ezactivevn\ezleague\server\tests\Feature\LoginTest.php" line="97" assertions="2" time="0.149445"/>
    </testsuite>
    <testsuite name="Tests\Feature\LogoutTest" file="D:\dev\ezactivevn\ezleague\server\tests\Feature\LogoutTest.php" tests="1" assertions="4" errors="0" warnings="0" failures="0" skipped="0" time="0.796502">
      <testcase name="test_logout_with_correct_token" class="Tests\Feature\LogoutTest" classname="Tests.Feature.LogoutTest" file="D:\dev\ezactivevn\ezleague\server\tests\Feature\LogoutTest.php" line="19" assertions="4" time="0.796502"/>
    </testsuite>
    <testsuite name="Tests\Feature\RegisterTest" file="D:\dev\ezactivevn\ezleague\server\tests\Feature\RegisterTest.php" tests="50" assertions="100" errors="0" warnings="0" failures="0" skipped="0" time="9.853907">
      <testsuite name="Tests\Feature\RegisterTest::test_register_with_correct_credentials" tests="50" assertions="100" errors="0" warnings="0" failures="0" skipped="0" time="9.853907">
        <testcase name="test_register_with_correct_credentials with data set #0" class="Tests\Feature\RegisterTest" classname="Tests.Feature.RegisterTest" file="D:\dev\ezactivevn\ezleague\server\tests\Feature\RegisterTest.php" line="16" assertions="2" time="0.239787"/>
        <testcase name="test_register_with_correct_credentials with data set #1" class="Tests\Feature\RegisterTest" classname="Tests.Feature.RegisterTest" file="D:\dev\ezactivevn\ezleague\server\tests\Feature\RegisterTest.php" line="16" assertions="2" time="0.201499"/>
        <testcase name="test_register_with_correct_credentials with data set #2" class="Tests\Feature\RegisterTest" classname="Tests.Feature.RegisterTest" file="D:\dev\ezactivevn\ezleague\server\tests\Feature\RegisterTest.php" line="16" assertions="2" time="0.221478"/>
        <testcase name="test_register_with_correct_credentials with data set #3" class="Tests\Feature\RegisterTest" classname="Tests.Feature.RegisterTest" file="D:\dev\ezactivevn\ezleague\server\tests\Feature\RegisterTest.php" line="16" assertions="2" time="0.195937"/>
        <testcase name="test_register_with_correct_credentials with data set #4" class="Tests\Feature\RegisterTest" classname="Tests.Feature.RegisterTest" file="D:\dev\ezactivevn\ezleague\server\tests\Feature\RegisterTest.php" line="16" assertions="2" time="0.210446"/>
        <testcase name="test_register_with_correct_credentials with data set #5" class="Tests\Feature\RegisterTest" classname="Tests.Feature.RegisterTest" file="D:\dev\ezactivevn\ezleague\server\tests\Feature\RegisterTest.php" line="16" assertions="2" time="0.198288"/>
        <testcase name="test_register_with_correct_credentials with data set #6" class="Tests\Feature\RegisterTest" classname="Tests.Feature.RegisterTest" file="D:\dev\ezactivevn\ezleague\server\tests\Feature\RegisterTest.php" line="16" assertions="2" time="0.188844"/>
        <testcase name="test_register_with_correct_credentials with data set #7" class="Tests\Feature\RegisterTest" classname="Tests.Feature.RegisterTest" file="D:\dev\ezactivevn\ezleague\server\tests\Feature\RegisterTest.php" line="16" assertions="2" time="0.193956"/>
        <testcase name="test_register_with_correct_credentials with data set #8" class="Tests\Feature\RegisterTest" classname="Tests.Feature.RegisterTest" file="D:\dev\ezactivevn\ezleague\server\tests\Feature\RegisterTest.php" line="16" assertions="2" time="0.207709"/>
        <testcase name="test_register_with_correct_credentials with data set #9" class="Tests\Feature\RegisterTest" classname="Tests.Feature.RegisterTest" file="D:\dev\ezactivevn\ezleague\server\tests\Feature\RegisterTest.php" line="16" assertions="2" time="0.205800"/>
        <testcase name="test_register_with_correct_credentials with data set #10" class="Tests\Feature\RegisterTest" classname="Tests.Feature.RegisterTest" file="D:\dev\ezactivevn\ezleague\server\tests\Feature\RegisterTest.php" line="16" assertions="2" time="0.186942"/>
        <testcase name="test_register_with_correct_credentials with data set #11" class="Tests\Feature\RegisterTest" classname="Tests.Feature.RegisterTest" file="D:\dev\ezactivevn\ezleague\server\tests\Feature\RegisterTest.php" line="16" assertions="2" time="0.183507"/>
        <testcase name="test_register_with_correct_credentials with data set #12" class="Tests\Feature\RegisterTest" classname="Tests.Feature.RegisterTest" file="D:\dev\ezactivevn\ezleague\server\tests\Feature\RegisterTest.php" line="16" assertions="2" time="0.193044"/>
        <testcase name="test_register_with_correct_credentials with data set #13" class="Tests\Feature\RegisterTest" classname="Tests.Feature.RegisterTest" file="D:\dev\ezactivevn\ezleague\server\tests\Feature\RegisterTest.php" line="16" assertions="2" time="0.208623"/>
        <testcase name="test_register_with_correct_credentials with data set #14" class="Tests\Feature\RegisterTest" classname="Tests.Feature.RegisterTest" file="D:\dev\ezactivevn\ezleague\server\tests\Feature\RegisterTest.php" line="16" assertions="2" time="0.179924"/>
        <testcase name="test_register_with_correct_credentials with data set #15" class="Tests\Feature\RegisterTest" classname="Tests.Feature.RegisterTest" file="D:\dev\ezactivevn\ezleague\server\tests\Feature\RegisterTest.php" line="16" assertions="2" time="0.206032"/>
        <testcase name="test_register_with_correct_credentials with data set #16" class="Tests\Feature\RegisterTest" classname="Tests.Feature.RegisterTest" file="D:\dev\ezactivevn\ezleague\server\tests\Feature\RegisterTest.php" line="16" assertions="2" time="0.228024"/>
        <testcase name="test_register_with_correct_credentials with data set #17" class="Tests\Feature\RegisterTest" classname="Tests.Feature.RegisterTest" file="D:\dev\ezactivevn\ezleague\server\tests\Feature\RegisterTest.php" line="16" assertions="2" time="0.217522"/>
        <testcase name="test_register_with_correct_credentials with data set #18" class="Tests\Feature\RegisterTest" classname="Tests.Feature.RegisterTest" file="D:\dev\ezactivevn\ezleague\server\tests\Feature\RegisterTest.php" line="16" assertions="2" time="0.179757"/>
        <testcase name="test_register_with_correct_credentials with data set #19" class="Tests\Feature\RegisterTest" classname="Tests.Feature.RegisterTest" file="D:\dev\ezactivevn\ezleague\server\tests\Feature\RegisterTest.php" line="16" assertions="2" time="0.182530"/>
        <testcase name="test_register_with_correct_credentials with data set #20" class="Tests\Feature\RegisterTest" classname="Tests.Feature.RegisterTest" file="D:\dev\ezactivevn\ezleague\server\tests\Feature\RegisterTest.php" line="16" assertions="2" time="0.187173"/>
        <testcase name="test_register_with_correct_credentials with data set #21" class="Tests\Feature\RegisterTest" classname="Tests.Feature.RegisterTest" file="D:\dev\ezactivevn\ezleague\server\tests\Feature\RegisterTest.php" line="16" assertions="2" time="0.175708"/>
        <testcase name="test_register_with_correct_credentials with data set #22" class="Tests\Feature\RegisterTest" classname="Tests.Feature.RegisterTest" file="D:\dev\ezactivevn\ezleague\server\tests\Feature\RegisterTest.php" line="16" assertions="2" time="0.202367"/>
        <testcase name="test_register_with_correct_credentials with data set #23" class="Tests\Feature\RegisterTest" classname="Tests.Feature.RegisterTest" file="D:\dev\ezactivevn\ezleague\server\tests\Feature\RegisterTest.php" line="16" assertions="2" time="0.193360"/>
        <testcase name="test_register_with_correct_credentials with data set #24" class="Tests\Feature\RegisterTest" classname="Tests.Feature.RegisterTest" file="D:\dev\ezactivevn\ezleague\server\tests\Feature\RegisterTest.php" line="16" assertions="2" time="0.194537"/>
        <testcase name="test_register_with_correct_credentials with data set #25" class="Tests\Feature\RegisterTest" classname="Tests.Feature.RegisterTest" file="D:\dev\ezactivevn\ezleague\server\tests\Feature\RegisterTest.php" line="16" assertions="2" time="0.185861"/>
        <testcase name="test_register_with_correct_credentials with data set #26" class="Tests\Feature\RegisterTest" classname="Tests.Feature.RegisterTest" file="D:\dev\ezactivevn\ezleague\server\tests\Feature\RegisterTest.php" line="16" assertions="2" time="0.196363"/>
        <testcase name="test_register_with_correct_credentials with data set #27" class="Tests\Feature\RegisterTest" classname="Tests.Feature.RegisterTest" file="D:\dev\ezactivevn\ezleague\server\tests\Feature\RegisterTest.php" line="16" assertions="2" time="0.193882"/>
        <testcase name="test_register_with_correct_credentials with data set #28" class="Tests\Feature\RegisterTest" classname="Tests.Feature.RegisterTest" file="D:\dev\ezactivevn\ezleague\server\tests\Feature\RegisterTest.php" line="16" assertions="2" time="0.195993"/>
        <testcase name="test_register_with_correct_credentials with data set #29" class="Tests\Feature\RegisterTest" classname="Tests.Feature.RegisterTest" file="D:\dev\ezactivevn\ezleague\server\tests\Feature\RegisterTest.php" line="16" assertions="2" time="0.194400"/>
        <testcase name="test_register_with_correct_credentials with data set #30" class="Tests\Feature\RegisterTest" classname="Tests.Feature.RegisterTest" file="D:\dev\ezactivevn\ezleague\server\tests\Feature\RegisterTest.php" line="16" assertions="2" time="0.181772"/>
        <testcase name="test_register_with_correct_credentials with data set #31" class="Tests\Feature\RegisterTest" classname="Tests.Feature.RegisterTest" file="D:\dev\ezactivevn\ezleague\server\tests\Feature\RegisterTest.php" line="16" assertions="2" time="0.205190"/>
        <testcase name="test_register_with_correct_credentials with data set #32" class="Tests\Feature\RegisterTest" classname="Tests.Feature.RegisterTest" file="D:\dev\ezactivevn\ezleague\server\tests\Feature\RegisterTest.php" line="16" assertions="2" time="0.183219"/>
        <testcase name="test_register_with_correct_credentials with data set #33" class="Tests\Feature\RegisterTest" classname="Tests.Feature.RegisterTest" file="D:\dev\ezactivevn\ezleague\server\tests\Feature\RegisterTest.php" line="16" assertions="2" time="0.213416"/>
        <testcase name="test_register_with_correct_credentials with data set #34" class="Tests\Feature\RegisterTest" classname="Tests.Feature.RegisterTest" file="D:\dev\ezactivevn\ezleague\server\tests\Feature\RegisterTest.php" line="16" assertions="2" time="0.193902"/>
        <testcase name="test_register_with_correct_credentials with data set #35" class="Tests\Feature\RegisterTest" classname="Tests.Feature.RegisterTest" file="D:\dev\ezactivevn\ezleague\server\tests\Feature\RegisterTest.php" line="16" assertions="2" time="0.191283"/>
        <testcase name="test_register_with_correct_credentials with data set #36" class="Tests\Feature\RegisterTest" classname="Tests.Feature.RegisterTest" file="D:\dev\ezactivevn\ezleague\server\tests\Feature\RegisterTest.php" line="16" assertions="2" time="0.190345"/>
        <testcase name="test_register_with_correct_credentials with data set #37" class="Tests\Feature\RegisterTest" classname="Tests.Feature.RegisterTest" file="D:\dev\ezactivevn\ezleague\server\tests\Feature\RegisterTest.php" line="16" assertions="2" time="0.206072"/>
        <testcase name="test_register_with_correct_credentials with data set #38" class="Tests\Feature\RegisterTest" classname="Tests.Feature.RegisterTest" file="D:\dev\ezactivevn\ezleague\server\tests\Feature\RegisterTest.php" line="16" assertions="2" time="0.184603"/>
        <testcase name="test_register_with_correct_credentials with data set #39" class="Tests\Feature\RegisterTest" classname="Tests.Feature.RegisterTest" file="D:\dev\ezactivevn\ezleague\server\tests\Feature\RegisterTest.php" line="16" assertions="2" time="0.231896"/>
        <testcase name="test_register_with_correct_credentials with data set #40" class="Tests\Feature\RegisterTest" classname="Tests.Feature.RegisterTest" file="D:\dev\ezactivevn\ezleague\server\tests\Feature\RegisterTest.php" line="16" assertions="2" time="0.181688"/>
        <testcase name="test_register_with_correct_credentials with data set #41" class="Tests\Feature\RegisterTest" classname="Tests.Feature.RegisterTest" file="D:\dev\ezactivevn\ezleague\server\tests\Feature\RegisterTest.php" line="16" assertions="2" time="0.177643"/>
        <testcase name="test_register_with_correct_credentials with data set #42" class="Tests\Feature\RegisterTest" classname="Tests.Feature.RegisterTest" file="D:\dev\ezactivevn\ezleague\server\tests\Feature\RegisterTest.php" line="16" assertions="2" time="0.210205"/>
        <testcase name="test_register_with_correct_credentials with data set #43" class="Tests\Feature\RegisterTest" classname="Tests.Feature.RegisterTest" file="D:\dev\ezactivevn\ezleague\server\tests\Feature\RegisterTest.php" line="16" assertions="2" time="0.195887"/>
        <testcase name="test_register_with_correct_credentials with data set #44" class="Tests\Feature\RegisterTest" classname="Tests.Feature.RegisterTest" file="D:\dev\ezactivevn\ezleague\server\tests\Feature\RegisterTest.php" line="16" assertions="2" time="0.184167"/>
        <testcase name="test_register_with_correct_credentials with data set #45" class="Tests\Feature\RegisterTest" classname="Tests.Feature.RegisterTest" file="D:\dev\ezactivevn\ezleague\server\tests\Feature\RegisterTest.php" line="16" assertions="2" time="0.169278"/>
        <testcase name="test_register_with_correct_credentials with data set #46" class="Tests\Feature\RegisterTest" classname="Tests.Feature.RegisterTest" file="D:\dev\ezactivevn\ezleague\server\tests\Feature\RegisterTest.php" line="16" assertions="2" time="0.199421"/>
        <testcase name="test_register_with_correct_credentials with data set #47" class="Tests\Feature\RegisterTest" classname="Tests.Feature.RegisterTest" file="D:\dev\ezactivevn\ezleague\server\tests\Feature\RegisterTest.php" line="16" assertions="2" time="0.186446"/>
        <testcase name="test_register_with_correct_credentials with data set #48" class="Tests\Feature\RegisterTest" classname="Tests.Feature.RegisterTest" file="D:\dev\ezactivevn\ezleague\server\tests\Feature\RegisterTest.php" line="16" assertions="2" time="0.230628"/>
        <testcase name="test_register_with_correct_credentials with data set #49" class="Tests\Feature\RegisterTest" classname="Tests.Feature.RegisterTest" file="D:\dev\ezactivevn\ezleague\server\tests\Feature\RegisterTest.php" line="16" assertions="2" time="0.187553"/>
      </testsuite>
    </testsuite>
  </testsuite>
</testsuites>
